a&b->c|-b&a->c
b&a->b&a->b&a
(b&a->b&a->b&a)->(b&a->(b&a->b&a)->b&a)->b&a->b&a
(b&a->(b&a->b&a)->b&a)->b&a->b&a
b&a->(b&a->b&a)->b&a
b&a->b&a
b&a->a
(b&a->a)->b&a->b&a->a
b&a->b&a->a
b&a->b
(b&a->b)->b&a->b&a->b
b&a->b&a->b
(b&a->b&a)->(b&a->b&a->a)->b&a->a
(b&a->b&a->a)->b&a->a
b&a->a
(b&a->b&a)->(b&a->b&a->b)->b&a->b
(b&a->b&a->b)->b&a->b
b&a->b
a->b->a&b
(a->b->a&b)->b&a->a->b->a&b
b&a->a->b->a&b
(b&a->a)->(b&a->a->b->a&b)->b&a->b->a&b
(b&a->a->b->a&b)->b&a->b->a&b
b&a->b->a&b
(b&a->b)->(b&a->b->a&b)->b&a->a&b
(b&a->b->a&b)->b&a->a&b
b&a->a&b
a&b->c
(a&b->c)->b&a->a&b->c
b&a->a&b->c
(b&a->a&b)->(b&a->a&b->c)->b&a->c
(b&a->a&b->c)->b&a->c
b&a->c